[03/22/21 07:19:25] [ERROR] Can't write to Discord websocket gateway: The I/O operation has been aborted because of either a thread exit or an application request (995)
[03/22/21 07:20:43] [ERROR] DCC_SendChannelMessage: invalid channel id '0'
[03/22/21 07:21:09] [ERROR] DCC_SendChannelMessage: invalid channel id '0'
[03/22/21 07:23:08] [ERROR] DCC_SendChannelMessage: invalid channel id '0'
[03/22/21 07:27:14] [ERROR] Can't write to Discord websocket gateway: The I/O operation has been aborted because of either a thread exit or an application request (995)
[03/22/21 08:31:39] [ERROR] Can't write to Discord websocket gateway: The I/O operation has been aborted because of either a thread exit or an application request (995)
[03/22/21 08:33:05] [ERROR] Can't write to Discord websocket gateway: The I/O operation has been aborted because of either a thread exit or an application request (995)
[03/22/21 08:34:24] [ERROR] Can't write to Discord websocket gateway: The I/O operation has been aborted because of either a thread exit or an application request (995)
[03/22/21 08:47:35] [ERROR] Can't write to Discord websocket gateway: The I/O operation has been aborted because of either a thread exit or an application request (995)
[03/22/21 08:49:34] [ERROR] Can't write to Discord websocket gateway: The I/O operation has been aborted because of either a thread exit or an application request (995)
[03/22/21 08:53:06] [ERROR] Can't write to Discord websocket gateway: The I/O operation has been aborted because of either a thread exit or an application request (995)
[03/22/21 08:55:43] [ERROR] Can't write to Discord websocket gateway: The I/O operation has been aborted because of either a thread exit or an application request (995)
[03/22/21 09:10:05] [ERROR] Can't write to Discord websocket gateway: The I/O operation has been aborted because of either a thread exit or an application request (995)
[03/22/21 09:13:07] [ERROR] Can't write to Discord websocket gateway: The I/O operation has been aborted because of either a thread exit or an application request (995)
[03/22/21 09:15:11] [ERROR] Can't write to Discord websocket gateway: The I/O operation has been aborted because of either a thread exit or an application request (995)
[03/22/21 10:51:56] [ERROR] Can't write to Discord websocket gateway: The I/O operation has been aborted because of either a thread exit or an application request (995)
[03/22/21 10:53:25] [ERROR] Can't write to Discord websocket gateway: The I/O operation has been aborted because of either a thread exit or an application request (995)
[03/22/21 11:04:47] [ERROR] Can't write to Discord websocket gateway: The I/O operation has been aborted because of either a thread exit or an application request (995)
[03/22/21 11:09:37] [ERROR] Can't write to Discord websocket gateway: The I/O operation has been aborted because of either a thread exit or an application request (995)
[03/22/21 11:11:44] [ERROR] Can't write to Discord websocket gateway: The I/O operation has been aborted because of either a thread exit or an application request (995)
[03/22/21 11:32:43] [ERROR] Error while retrieving HTTP POST response from '/api/v8/channels/812934301221650442/messages': end of stream
[03/22/21 11:36:58] [ERROR] Can't write to Discord websocket gateway: The I/O operation has been aborted because of either a thread exit or an application request (995)
[03/22/21 11:43:31] [ERROR] Can't write to Discord websocket gateway: The I/O operation has been aborted because of either a thread exit or an application request (995)
[03/22/21 12:07:57] [ERROR] DCC_EditMessage: invalid message id '0'
[03/22/21 12:10:03] [ERROR] DCC_EditMessage: invalid message id '0'
[03/22/21 12:11:44] [ERROR] Can't write to Discord websocket gateway: The I/O operation has been aborted because of either a thread exit or an application request (995)
[03/22/21 12:12:24] [ERROR] DCC_DeleteMessage: invalid message id '0'
[03/22/21 12:12:25] [ERROR] DCC_EditMessage: invalid message id '0'
[03/22/21 12:23:03] [ERROR] Can't write to Discord websocket gateway: The I/O operation has been aborted because of either a thread exit or an application request (995)
[03/22/21 14:09:47] [ERROR] Can't write to Discord websocket gateway: The I/O operation has been aborted because of either a thread exit or an application request (995)
[03/22/21 14:54:50] [ERROR] Can't write to Discord websocket gateway: The I/O operation has been aborted because of either a thread exit or an application request (995)
[03/22/21 15:36:07] [ERROR] DCC_DeleteEmbed: invalid embed id '0'
[03/22/21 15:37:05] [ERROR] DCC_DeleteEmbed: invalid embed id '1'
[03/22/21 15:37:48] [ERROR] DCC_DeleteEmbed: invalid embed id '0'
[03/22/21 15:39:34] [ERROR] DCC_DeleteEmbed: invalid embed id '1'
[03/22/21 15:39:34] [ERROR] Can't write to Discord websocket gateway: The I/O operation has been aborted because of either a thread exit or an application request (995)
[03/22/21 15:39:39] [ERROR] DCC_DeleteEmbed: invalid embed id '0'
[03/22/21 15:40:07] [ERROR] DCC_DeleteEmbed: invalid embed id '1'
[03/22/21 15:40:07] [ERROR] Can't write to Discord websocket gateway: The I/O operation has been aborted because of either a thread exit or an application request (995)
[03/22/21 15:43:15] [ERROR] DCC_DeleteEmbed: invalid embed id '0'
[03/22/21 15:43:16] [ERROR] DCC_DeleteEmbed: invalid embed id '0'
[03/22/21 15:43:17] [ERROR] DCC_DeleteEmbed: invalid embed id '0'
[03/22/21 15:43:18] [ERROR] DCC_DeleteEmbed: invalid embed id '0'
[03/22/21 15:43:19] [ERROR] DCC_DeleteEmbed: invalid embed id '0'
[03/22/21 15:43:20] [ERROR] DCC_DeleteEmbed: invalid embed id '0'
[03/22/21 15:43:21] [ERROR] DCC_DeleteEmbed: invalid embed id '0'
[03/22/21 15:43:22] [ERROR] DCC_DeleteEmbed: invalid embed id '0'
[03/22/21 15:43:24] [ERROR] DCC_DeleteEmbed: invalid embed id '0'
[03/22/21 15:43:25] [ERROR] DCC_DeleteEmbed: invalid embed id '0'
[03/22/21 15:43:26] [ERROR] DCC_DeleteEmbed: invalid embed id '0'
[03/22/21 15:43:26] [ERROR] DCC_DeleteEmbed: invalid embed id '1'
[03/22/21 15:43:26] [ERROR] Can't write to Discord websocket gateway: The I/O operation has been aborted because of either a thread exit or an application request (995)
[03/22/21 15:46:14] [ERROR] DCC_DeleteEmbed: invalid embed id '1'
[03/22/21 15:46:15] [ERROR] Can't write to Discord websocket gateway: The I/O operation has been aborted because of either a thread exit or an application request (995)
[03/22/21 15:48:34] [ERROR] DCC_DeleteEmbed: invalid embed id '1'
[03/22/21 15:48:34] [ERROR] Can't write to Discord websocket gateway: The I/O operation has been aborted because of either a thread exit or an application request (995)
[03/22/21 17:25:34] [ERROR] Error while retrieving HTTP POST response from '/api/v8/channels/813754474496917554/messages': end of stream
[03/22/21 18:43:48] [ERROR] Can't write to Discord websocket gateway: The I/O operation has been aborted because of either a thread exit or an application request (995)
[03/22/21 18:43:49] [ERROR] Discord terminated websocket connection; reason: Not authenticated. (4003)
[03/22/21 18:43:49] [ERROR] Can't write to Discord websocket gateway: The I/O operation has been aborted because of either a thread exit or an application request (995)
[03/22/21 21:03:38] [ERROR] Discord terminated websocket connection; reason:  (1001)
[03/22/21 21:03:38] [ERROR] Can't write to Discord websocket gateway: The I/O operation has been aborted because of either a thread exit or an application request (995)
[03/22/21 22:06:43] [ERROR] Error while retrieving HTTP POST response from '/api/v8/channels/813754474496917554/messages': end of stream
[03/23/21 00:34:54] [ERROR] Can't write to Discord websocket gateway: The I/O operation has been aborted because of either a thread exit or an application request (995)
[03/23/21 04:01:43] [ERROR] Can't write to Discord websocket gateway: The I/O operation has been aborted because of either a thread exit or an application request (995)
[03/23/21 04:01:43] [ERROR] Discord terminated websocket connection; reason: Not authenticated. (4003)
[03/23/21 04:01:43] [ERROR] Can't write to Discord websocket gateway: The I/O operation has been aborted because of either a thread exit or an application request (995)
[03/23/21 05:38:37] [ERROR] Can't write to Discord websocket gateway: The I/O operation has been aborted because of either a thread exit or an application request (995)
[03/23/21 07:59:32] [ERROR] Error while retrieving HTTP POST response from '/api/v8/channels/812937034272210986/messages': end of stream
[03/23/21 08:36:48] [ERROR] Can't write to Discord websocket gateway: The I/O operation has been aborted because of either a thread exit or an application request (995)
[03/23/21 08:36:48] [ERROR] Discord terminated websocket connection; reason: Not authenticated. (4003)
[03/23/21 08:36:48] [ERROR] Can't write to Discord websocket gateway: The I/O operation has been aborted because of either a thread exit or an application request (995)
[03/23/21 10:22:25] [ERROR] Can't write to Discord websocket gateway: The I/O operation has been aborted because of either a thread exit or an application request (995)
[03/23/21 10:49:16] [ERROR] Error while retrieving HTTP POST response from '/api/v8/channels/823765283386556457/messages': end of stream
[03/23/21 10:56:31] [ERROR] Error while retrieving HTTP POST response from '/api/v8/channels/823765283386556457/messages': end of stream
[03/23/21 11:15:41] [ERROR] DCC_DeleteEmbed: invalid embed id '1'
[03/23/21 11:15:41] [ERROR] Error while retrieving HTTP POST response from '/api/v8/channels/823474227368689680/messages': end of stream
[03/23/21 11:15:41] [ERROR] Can't write to Discord websocket gateway: The I/O operation has been aborted because of either a thread exit or an application request (995)
[03/23/21 11:23:31] [ERROR] DCC_DeleteEmbed: invalid embed id '1'
[03/23/21 11:23:31] [ERROR] Can't write to Discord websocket gateway: The I/O operation has been aborted because of either a thread exit or an application request (995)
[03/23/21 11:24:24] [ERROR] DCC_DeleteEmbed: invalid embed id '1'
[03/23/21 11:24:24] [ERROR] Can't write to Discord websocket gateway: The I/O operation has been aborted because of either a thread exit or an application request (995)
[03/23/21 11:26:05] [ERROR] DCC_DeleteEmbed: invalid embed id '1'
[03/23/21 11:26:05] [ERROR] Can't write to Discord websocket gateway: The I/O operation has been aborted because of either a thread exit or an application request (995)
[03/23/21 11:29:00] [ERROR] DCC_DeleteEmbed: invalid embed id '1'
[03/23/21 11:29:01] [ERROR] Can't write to Discord websocket gateway: The I/O operation has been aborted because of either a thread exit or an application request (995)
[03/23/21 12:11:15] [ERROR] Error while retrieving HTTP POST response from '/api/v8/channels/813754474496917554/messages': end of stream
[03/23/21 14:22:48] [ERROR] Can't write to Discord websocket gateway: The I/O operation has been aborted because of either a thread exit or an application request (995)
[03/23/21 14:22:49] [ERROR] Discord terminated websocket connection; reason: Not authenticated. (4003)
[03/23/21 14:22:49] [ERROR] Can't write to Discord websocket gateway: The I/O operation has been aborted because of either a thread exit or an application request (995)
[03/23/21 14:28:58] [ERROR] Error while retrieving HTTP POST response from '/api/v8/channels/812934301221650442/messages': end of stream
[03/23/21 15:37:46] [ERROR] Error while retrieving HTTP POST response from '/api/v8/channels/812914299043446813/messages': end of stream
[03/23/21 16:41:48] [ERROR] Can't write to Discord websocket gateway: The I/O operation has been aborted because of either a thread exit or an application request (995)
[03/23/21 20:24:42] [ERROR] Error while retrieving HTTP POST response from '/api/v8/channels/812934134279438337/messages': end of stream
[03/23/21 20:32:43] [ERROR] Can't write to Discord websocket gateway: The I/O operation has been aborted because of either a thread exit or an application request (995)
[03/23/21 21:00:51] [ERROR] DCC_DeleteEmbed: invalid embed id '1'
[03/23/21 21:00:51] [ERROR] Error while retrieving HTTP POST response from '/api/v8/channels/823474227368689680/messages': end of stream
[03/23/21 21:00:51] [ERROR] Can't write to Discord websocket gateway: The I/O operation has been aborted because of either a thread exit or an application request (995)
[03/24/21 00:05:27] [ERROR] Can't write to Discord websocket gateway: The I/O operation has been aborted because of either a thread exit or an application request (995)
[03/24/21 00:49:38] [ERROR] Discord terminated websocket connection; reason:  (0)
[03/24/21 00:49:38] [ERROR] Can't write to Discord websocket gateway: The I/O operation has been aborted because of either a thread exit or an application request (995)
[03/24/21 04:30:28] [ERROR] Can't write to Discord websocket gateway: The I/O operation has been aborted because of either a thread exit or an application request (995)
[03/24/21 05:09:13] [ERROR] Can't write to Discord websocket gateway: The I/O operation has been aborted because of either a thread exit or an application request (995)
[03/24/21 08:57:54] [ERROR] Can't write to Discord websocket gateway: The I/O operation has been aborted because of either a thread exit or an application request (995)
[03/24/21 08:57:54] [ERROR] Discord terminated websocket connection; reason: Not authenticated. (4003)
[03/24/21 10:01:12] [ERROR] Error while retrieving HTTP POST response from '/api/v8/channels/812937034272210986/messages': end of stream
[03/24/21 10:19:49] [ERROR] Can't write to Discord websocket gateway: The I/O operation has been aborted because of either a thread exit or an application request (995)
[03/24/21 10:22:41] [ERROR] Error while retrieving HTTP POST response from '/api/v8/channels/812937034272210986/messages': end of stream
[03/24/21 11:57:53] [ERROR] Can't write to Discord websocket gateway: The I/O operation has been aborted because of either a thread exit or an application request (995)
[03/24/21 12:53:37] [ERROR] DCC_DeleteEmbed: invalid embed id '1'
[03/24/21 12:53:38] [ERROR] Error while retrieving HTTP POST response from '/api/v8/channels/823474227368689680/messages': end of stream
[03/24/21 12:53:38] [ERROR] Can't write to Discord websocket gateway: The I/O operation has been aborted because of either a thread exit or an application request (995)
[03/24/21 14:04:09] [ERROR] Can't write to Discord websocket gateway: The I/O operation has been aborted because of either a thread exit or an application request (995)
[03/24/21 14:04:10] [ERROR] Discord terminated websocket connection; reason: Not authenticated. (4003)
[03/24/21 14:04:10] [ERROR] Can't write to Discord websocket gateway: The I/O operation has been aborted because of either a thread exit or an application request (995)
[03/24/21 14:09:15] [ERROR] Error while retrieving HTTP POST response from '/api/v8/channels/812937034272210986/messages': end of stream
[03/24/21 15:22:29] [ERROR] Can't write to Discord websocket gateway: The I/O operation has been aborted because of either a thread exit or an application request (995)
[03/24/21 18:53:08] [ERROR] Can't write to Discord websocket gateway: The I/O operation has been aborted because of either a thread exit or an application request (995)
[03/24/21 20:32:46] [ERROR] Can't write to Discord websocket gateway: The I/O operation has been aborted because of either a thread exit or an application request (995)
[03/24/21 20:32:46] [ERROR] Discord terminated websocket connection; reason: Not authenticated. (4003)
[03/24/21 20:32:46] [ERROR] Can't write to Discord websocket gateway: The I/O operation has been aborted because of either a thread exit or an application request (995)
[03/24/21 22:10:06] [ERROR] Can't write to Discord websocket gateway: The I/O operation has been aborted because of either a thread exit or an application request (995)
[03/24/21 22:10:07] [ERROR] Discord terminated websocket connection; reason: Not authenticated. (4003)
[03/24/21 22:10:07] [ERROR] Can't write to Discord websocket gateway: The I/O operation has been aborted because of either a thread exit or an application request (995)
[03/24/21 22:37:42] [ERROR] Can't write to Discord websocket gateway: The I/O operation has been aborted because of either a thread exit or an application request (995)
[03/25/21 02:37:19] [ERROR] Can't write to Discord websocket gateway: The I/O operation has been aborted because of either a thread exit or an application request (995)
[03/25/21 04:44:59] [ERROR] Can't write to Discord websocket gateway: The I/O operation has been aborted because of either a thread exit or an application request (995)
[03/25/21 07:57:16] [ERROR] Can't write to Discord websocket gateway: The I/O operation has been aborted because of either a thread exit or an application request (995)
[03/25/21 07:57:16] [ERROR] Discord terminated websocket connection; reason: Not authenticated. (4003)
[03/25/21 07:57:16] [ERROR] Can't write to Discord websocket gateway: The I/O operation has been aborted because of either a thread exit or an application request (995)
[03/25/21 10:43:09] [ERROR] Can't write to Discord websocket gateway: The I/O operation has been aborted because of either a thread exit or an application request (995)
[03/25/21 10:43:09] [ERROR] Discord terminated websocket connection; reason: Not authenticated. (4003)
[03/25/21 10:43:09] [ERROR] Can't write to Discord websocket gateway: The I/O operation has been aborted because of either a thread exit or an application request (995)
[03/25/21 11:11:21] [ERROR] Can't write to Discord websocket gateway: The I/O operation has been aborted because of either a thread exit or an application request (995)
[03/25/21 11:11:22] [ERROR] Discord terminated websocket connection; reason: Not authenticated. (4003)
[03/25/21 11:11:22] [ERROR] Can't write to Discord websocket gateway: The I/O operation has been aborted because of either a thread exit or an application request (995)
[03/25/21 11:50:48] [ERROR] Error while retrieving HTTP POST response from '/api/v8/channels/812937034272210986/messages': end of stream
[03/25/21 12:04:33] [ERROR] DCC_DeleteEmbed: invalid embed id '1'
[03/25/21 12:04:33] [ERROR] Can't write to Discord websocket gateway: The I/O operation has been aborted because of either a thread exit or an application request (995)
[03/25/21 12:17:26] [ERROR] DCC_DeleteEmbed: invalid embed id '1'
[03/25/21 12:17:26] [ERROR] Error while retrieving HTTP POST response from '/api/v8/channels/823474227368689680/messages': end of stream
[03/25/21 12:17:26] [ERROR] Can't write to Discord websocket gateway: The I/O operation has been aborted because of either a thread exit or an application request (995)
[03/25/21 12:38:05] [ERROR] Error while retrieving HTTP POST response from '/api/v8/channels/812937034272210986/messages': end of stream
[03/25/21 12:41:45] [ERROR] DCC_DeleteEmbed: invalid embed id '1'
[03/25/21 12:41:45] [ERROR] Can't write to Discord websocket gateway: The I/O operation has been aborted because of either a thread exit or an application request (995)
[03/25/21 13:23:17] [ERROR] Error while retrieving HTTP POST response from '/api/v8/channels/812937034272210986/messages': end of stream
[03/25/21 13:43:17] [ERROR] Error while retrieving HTTP POST response from '/api/v8/channels/813754474496917554/messages': end of stream
[03/25/21 16:19:08] [ERROR] Can't write to Discord websocket gateway: The I/O operation has been aborted because of either a thread exit or an application request (995)
[03/25/21 19:21:19] [ERROR] Discord terminated websocket connection; reason:  (0)
[03/25/21 19:21:19] [ERROR] Can't write to Discord websocket gateway: The I/O operation has been aborted because of either a thread exit or an application request (995)
[03/25/21 19:21:19] [ERROR] Discord terminated websocket connection; reason: Not authenticated. (4003)
[03/25/21 19:21:19] [ERROR] Can't write to Discord websocket gateway: The I/O operation has been aborted because of either a thread exit or an application request (995)
[03/25/21 23:03:28] [ERROR] Can't write to Discord websocket gateway: The I/O operation has been aborted because of either a thread exit or an application request (995)
[03/25/21 23:31:25] [ERROR] Can't write to Discord websocket gateway: The I/O operation has been aborted because of either a thread exit or an application request (995)
[03/25/21 23:44:04] [ERROR] Discord terminated websocket connection; reason:  (0)
[03/25/21 23:44:04] [ERROR] Can't write to Discord websocket gateway: The I/O operation has been aborted because of either a thread exit or an application request (995)
[03/25/21 23:44:04] [ERROR] Discord terminated websocket connection; reason: Not authenticated. (4003)
[03/25/21 23:44:04] [ERROR] Can't write to Discord websocket gateway: The I/O operation has been aborted because of either a thread exit or an application request (995)
[03/26/21 01:45:47] [ERROR] Can't write to Discord websocket gateway: The I/O operation has been aborted because of either a thread exit or an application request (995)
[03/26/21 02:56:51] [ERROR] Discord terminated websocket connection; reason:  (0)
[03/26/21 02:56:51] [ERROR] Can't write to Discord websocket gateway: The I/O operation has been aborted because of either a thread exit or an application request (995)
[03/26/21 02:56:52] [ERROR] Discord terminated websocket connection; reason: Not authenticated. (4003)
[03/26/21 02:56:52] [ERROR] Can't write to Discord websocket gateway: The I/O operation has been aborted because of either a thread exit or an application request (995)
[03/26/21 05:54:17] [ERROR] Can't write to Discord websocket gateway: The I/O operation has been aborted because of either a thread exit or an application request (995)
[03/26/21 05:54:17] [ERROR] Discord terminated websocket connection; reason: Not authenticated. (4003)
[03/26/21 05:54:17] [ERROR] Can't write to Discord websocket gateway: The I/O operation has been aborted because of either a thread exit or an application request (995)
[03/26/21 07:44:37] [ERROR] Can't write to Discord websocket gateway: The I/O operation has been aborted because of either a thread exit or an application request (995)
[03/26/21 07:51:17] [ERROR] Error while retrieving HTTP POST response from '/api/v8/channels/812937034272210986/messages': end of stream
[03/26/21 09:52:30] [ERROR] Can't write to Discord websocket gateway: The I/O operation has been aborted because of either a thread exit or an application request (995)
[03/26/21 09:52:31] [ERROR] Discord terminated websocket connection; reason: Not authenticated. (4003)
[03/26/21 11:51:20] [ERROR] Can't write to Discord websocket gateway: The I/O operation has been aborted because of either a thread exit or an application request (995)
[03/26/21 12:41:40] [ERROR] DCC_DeleteEmbed: invalid embed id '1'
[03/26/21 12:41:40] [ERROR] Error while retrieving HTTP POST response from '/api/v8/channels/823474227368689680/messages': end of stream
[03/26/21 12:41:40] [ERROR] Can't write to Discord websocket gateway: The I/O operation has been aborted because of either a thread exit or an application request (995)
[03/26/21 14:40:39] [ERROR] Can't write to Discord websocket gateway: The I/O operation has been aborted because of either a thread exit or an application request (995)
[03/26/21 14:40:40] [ERROR] Discord terminated websocket connection; reason: Not authenticated. (4003)
[03/26/21 14:40:40] [ERROR] Can't write to Discord websocket gateway: The I/O operation has been aborted because of either a thread exit or an application request (995)
[03/26/21 15:55:25] [ERROR] Error while retrieving HTTP POST response from '/api/v8/channels/812937034272210986/messages': end of stream
[03/26/21 16:10:58] [ERROR] Error while retrieving HTTP POST response from '/api/v8/channels/812937034272210986/messages': end of stream
[03/26/21 16:28:05] [ERROR] Error while retrieving HTTP POST response from '/api/v8/channels/812937034272210986/messages': end of stream
[03/26/21 18:28:10] [ERROR] Can't write to Discord websocket gateway: The I/O operation has been aborted because of either a thread exit or an application request (995)
[03/26/21 18:28:11] [ERROR] Discord terminated websocket connection; reason: Not authenticated. (4003)
[03/26/21 18:28:11] [ERROR] Can't write to Discord websocket gateway: The I/O operation has been aborted because of either a thread exit or an application request (995)
[03/26/21 18:39:42] [ERROR] Error while retrieving HTTP POST response from '/api/v8/channels/812937034272210986/messages': end of stream
[03/26/21 20:01:33] [ERROR] DCC_DeleteEmbed: invalid embed id '1'
[03/26/21 20:01:33] [ERROR] Error while retrieving HTTP POST response from '/api/v8/channels/823474227368689680/messages': end of stream
[03/26/21 20:01:33] [ERROR] Can't write to Discord websocket gateway: The I/O operation has been aborted because of either a thread exit or an application request (995)
[03/26/21 20:08:26] [ERROR] Discord terminated websocket connection; reason:  (0)
[03/26/21 20:08:26] [ERROR] Can't write to Discord websocket gateway: The I/O operation has been aborted because of either a thread exit or an application request (995)
[03/26/21 21:33:31] [ERROR] Can't write to Discord websocket gateway: The I/O operation has been aborted because of either a thread exit or an application request (995)
[03/26/21 22:24:03] [ERROR] Error while retrieving HTTP POST response from '/api/v8/channels/812937034272210986/messages': end of stream
[03/26/21 23:58:28] [ERROR] Discord terminated websocket connection; reason: Not authenticated. (4003)
[03/26/21 23:58:28] [ERROR] Can't write to Discord websocket gateway: The I/O operation has been aborted because of either a thread exit or an application request (995)
[03/27/21 00:15:34] [ERROR] Can't read from Discord websocket gateway: An existing connection was forcibly closed by the remote host (10054)
[03/27/21 00:15:34] [ERROR] Can't write to Discord websocket gateway: The I/O operation has been aborted because of either a thread exit or an application request (995)
[03/27/21 02:07:29] [ERROR] Can't read from Discord websocket gateway: An existing connection was forcibly closed by the remote host (10054)
[03/27/21 02:07:29] [ERROR] Can't write to Discord websocket gateway: The I/O operation has been aborted because of either a thread exit or an application request (995)
[03/27/21 04:30:25] [ERROR] Can't write to Discord websocket gateway: The I/O operation has been aborted because of either a thread exit or an application request (995)
[03/27/21 06:59:32] [ERROR] Discord terminated websocket connection; reason: Not authenticated. (4003)
[03/27/21 06:59:32] [ERROR] Can't write to Discord websocket gateway: The I/O operation has been aborted because of either a thread exit or an application request (995)
[03/27/21 06:59:43] [ERROR] Discord terminated websocket connection; reason: Unknown error. (4000)
[03/27/21 06:59:43] [ERROR] Can't write to Discord websocket gateway: The I/O operation has been aborted because of either a thread exit or an application request (995)
[03/27/21 09:49:07] [ERROR] Can't write to Discord websocket gateway: The I/O operation has been aborted because of either a thread exit or an application request (995)
[03/27/21 09:49:08] [ERROR] Discord terminated websocket connection; reason: Not authenticated. (4003)
[03/27/21 10:53:25] [ERROR] Can't write to Discord websocket gateway: The I/O operation has been aborted because of either a thread exit or an application request (995)
[03/27/21 10:53:25] [ERROR] Discord terminated websocket connection; reason: Not authenticated. (4003)
[03/27/21 10:53:25] [ERROR] Can't write to Discord websocket gateway: The I/O operation has been aborted because of either a thread exit or an application request (995)
[03/27/21 14:04:29] [ERROR] Can't write to Discord websocket gateway: The I/O operation has been aborted because of either a thread exit or an application request (995)
[03/27/21 17:26:15] [ERROR] Can't write to Discord websocket gateway: The I/O operation has been aborted because of either a thread exit or an application request (995)
[03/27/21 17:42:07] [ERROR] Can't write to Discord websocket gateway: The I/O operation has been aborted because of either a thread exit or an application request (995)
[03/27/21 18:53:56] [ERROR] Discord terminated websocket connection; reason: Not authenticated. (4003)
[03/27/21 18:53:56] [ERROR] Can't write to Discord websocket gateway: The I/O operation has been aborted because of either a thread exit or an application request (995)
[03/27/21 20:23:22] [ERROR] Can't write to Discord websocket gateway: The I/O operation has been aborted because of either a thread exit or an application request (995)
[03/27/21 20:23:23] [ERROR] Discord terminated websocket connection; reason: Not authenticated. (4003)
[03/27/21 20:23:23] [ERROR] Can't write to Discord websocket gateway: The I/O operation has been aborted because of either a thread exit or an application request (995)
[03/27/21 20:24:10] [ERROR] DCC_DeleteEmbed: invalid embed id '1'
[03/27/21 20:24:10] [ERROR] Error while retrieving HTTP POST response from '/api/v8/channels/823474227368689680/messages': end of stream
[03/27/21 20:24:10] [ERROR] Can't write to Discord websocket gateway: The I/O operation has been aborted because of either a thread exit or an application request (995)
[03/28/21 00:29:02] [ERROR] Can't write to Discord websocket gateway: The I/O operation has been aborted because of either a thread exit or an application request (995)
[03/28/21 00:29:03] [ERROR] Discord terminated websocket connection; reason: Not authenticated. (4003)
[03/28/21 00:29:03] [ERROR] Can't write to Discord websocket gateway: The I/O operation has been aborted because of either a thread exit or an application request (995)
[03/28/21 02:04:28] [ERROR] Can't write to Discord websocket gateway: The I/O operation has been aborted because of either a thread exit or an application request (995)
[03/28/21 02:04:29] [ERROR] Discord terminated websocket connection; reason: Not authenticated. (4003)
[03/28/21 02:04:29] [ERROR] Can't write to Discord websocket gateway: The I/O operation has been aborted because of either a thread exit or an application request (995)
[03/28/21 04:46:23] [ERROR] Can't write to Discord websocket gateway: The I/O operation has been aborted because of either a thread exit or an application request (995)
[03/28/21 05:45:50] [ERROR] Error while retrieving HTTP POST response from '/api/v8/channels/812937034272210986/messages': end of stream
[03/28/21 06:43:14] [ERROR] Error while retrieving HTTP POST response from '/api/v8/channels/812937034272210986/messages': end of stream
[03/28/21 06:58:22] [ERROR] Error while retrieving HTTP POST response from '/api/v8/channels/812937034272210986/messages': end of stream
[03/28/21 07:02:37] [ERROR] DCC_DeleteEmbed: invalid embed id '1'
[03/28/21 07:56:49] [ERROR] Can't write to Discord websocket gateway: The I/O operation has been aborted because of either a thread exit or an application request (995)
[03/28/21 09:29:30] [ERROR] Can't write to Discord websocket gateway: The I/O operation has been aborted because of either a thread exit or an application request (995)
[03/28/21 09:29:31] [ERROR] Discord terminated websocket connection; reason: Not authenticated. (4003)
[03/28/21 09:29:31] [ERROR] Can't write to Discord websocket gateway: The I/O operation has been aborted because of either a thread exit or an application request (995)
[03/28/21 13:12:49] [ERROR] Can't write to Discord websocket gateway: The I/O operation has been aborted because of either a thread exit or an application request (995)
[03/28/21 13:12:50] [ERROR] Discord terminated websocket connection; reason: Not authenticated. (4003)
[03/28/21 13:12:50] [ERROR] Can't write to Discord websocket gateway: The I/O operation has been aborted because of either a thread exit or an application request (995)
[03/28/21 16:11:07] [ERROR] Can't write to Discord websocket gateway: The I/O operation has been aborted because of either a thread exit or an application request (995)
[03/28/21 16:11:08] [ERROR] Discord terminated websocket connection; reason: Not authenticated. (4003)
[03/28/21 16:11:08] [ERROR] Can't write to Discord websocket gateway: The I/O operation has been aborted because of either a thread exit or an application request (995)
[03/28/21 16:42:49] [ERROR] Can't write to Discord websocket gateway: The I/O operation has been aborted because of either a thread exit or an application request (995)
[03/28/21 17:09:59] [ERROR] Can't write to Discord websocket gateway: The I/O operation has been aborted because of either a thread exit or an application request (995)
[03/28/21 19:07:57] [ERROR] Can't write to Discord websocket gateway: The I/O operation has been aborted because of either a thread exit or an application request (995)
[03/28/21 19:32:29] [ERROR] Can't write to Discord websocket gateway: The I/O operation has been aborted because of either a thread exit or an application request (995)
[03/28/21 21:30:37] [ERROR] Can't write to Discord websocket gateway: The I/O operation has been aborted because of either a thread exit or an application request (995)
[03/28/21 21:30:37] [ERROR] Discord terminated websocket connection; reason: Not authenticated. (4003)
[03/28/21 21:30:37] [ERROR] Can't write to Discord websocket gateway: The I/O operation has been aborted because of either a thread exit or an application request (995)
[03/29/21 01:25:55] [ERROR] Can't write to Discord websocket gateway: The I/O operation has been aborted because of either a thread exit or an application request (995)
[03/29/21 03:17:41] [ERROR] Can't write to Discord websocket gateway: The I/O operation has been aborted because of either a thread exit or an application request (995)
[03/29/21 03:17:42] [ERROR] Discord terminated websocket connection; reason: Not authenticated. (4003)
[03/29/21 03:17:42] [ERROR] Can't write to Discord websocket gateway: The I/O operation has been aborted because of either a thread exit or an application request (995)
[03/29/21 05:49:22] [ERROR] Error while retrieving HTTP POST response from '/api/v8/channels/812937034272210986/messages': end of stream
[03/29/21 06:02:23] [ERROR] Error while retrieving HTTP POST response from '/api/v8/channels/812937034272210986/messages': end of stream
[03/29/21 06:08:13] [ERROR] DCC_DeleteEmbed: invalid embed id '1'
[03/29/21 06:08:13] [ERROR] Can't write to Discord websocket gateway: The I/O operation has been aborted because of either a thread exit or an application request (995)
[03/29/21 09:32:40] [ERROR] Can't write to Discord websocket gateway: The I/O operation has been aborted because of either a thread exit or an application request (995)
[03/29/21 09:32:41] [ERROR] Discord terminated websocket connection; reason: Not authenticated. (4003)
[03/29/21 09:32:41] [ERROR] Can't write to Discord websocket gateway: The I/O operation has been aborted because of either a thread exit or an application request (995)
[03/29/21 11:30:01] [ERROR] Error while retrieving HTTP POST response from '/api/v8/channels/812940173578600468/messages': end of stream
[03/29/21 13:24:15] [ERROR] Can't write to Discord websocket gateway: The I/O operation has been aborted because of either a thread exit or an application request (995)
[03/29/21 15:11:19] [ERROR] Can't write to Discord websocket gateway: The I/O operation has been aborted because of either a thread exit or an application request (995)
[03/29/21 15:17:51] [ERROR] DCC_DeleteEmbed: invalid embed id '1'
[03/29/21 15:17:51] [ERROR] Error while retrieving HTTP POST response from '/api/v8/channels/823474227368689680/messages': end of stream
[03/29/21 15:17:51] [ERROR] Can't write to Discord websocket gateway: The I/O operation has been aborted because of either a thread exit or an application request (995)
[03/29/21 22:38:13] [ERROR] DCC_DeleteEmbed: invalid embed id '1'
[03/29/21 22:38:14] [ERROR] Can't write to Discord websocket gateway: The I/O operation has been aborted because of either a thread exit or an application request (995)
[03/29/21 22:52:52] [ERROR] Error while retrieving HTTP POST response from '/api/v8/channels/812937034272210986/messages': end of stream
[03/30/21 02:34:57] [ERROR] Can't write to Discord websocket gateway: The I/O operation has been aborted because of either a thread exit or an application request (995)
[03/30/21 04:09:35] [ERROR] Can't write to Discord websocket gateway: The I/O operation has been aborted because of either a thread exit or an application request (995)
[03/30/21 06:07:43] [ERROR] Error while retrieving HTTP POST response from '/api/v8/channels/812937034272210986/messages': end of stream
[03/30/21 07:01:18] [ERROR] Error while retrieving HTTP POST response from '/api/v8/channels/812937034272210986/messages': end of stream
[03/30/21 07:11:19] [ERROR] DCC_DeleteEmbed: invalid embed id '1'
[03/30/21 07:11:19] [ERROR] Error while retrieving HTTP POST response from '/api/v8/channels/823474227368689680/messages': end of stream
[03/30/21 07:11:19] [ERROR] Can't write to Discord websocket gateway: The I/O operation has been aborted because of either a thread exit or an application request (995)
[03/30/21 07:44:24] [ERROR] DCC_DeleteEmbed: invalid embed id '1'
[03/30/21 07:44:24] [ERROR] Can't write to Discord websocket gateway: The I/O operation has been aborted because of either a thread exit or an application request (995)
[03/30/21 07:47:16] [ERROR] DCC_DeleteEmbed: invalid embed id '1'
[03/30/21 07:47:16] [ERROR] Can't write to Discord websocket gateway: The I/O operation has been aborted because of either a thread exit or an application request (995)
[03/30/21 07:51:45] [ERROR] DCC_DeleteEmbed: invalid embed id '1'
[03/30/21 07:51:45] [ERROR] Can't write to Discord websocket gateway: The I/O operation has been aborted because of either a thread exit or an application request (995)
[03/30/21 07:52:15] [ERROR] DCC_DeleteEmbed: invalid embed id '1'
[03/30/21 07:52:15] [ERROR] Can't write to Discord websocket gateway: The I/O operation has been aborted because of either a thread exit or an application request (995)
[03/30/21 07:53:45] [ERROR] DCC_DeleteEmbed: invalid embed id '1'
[03/30/21 07:53:45] [ERROR] Can't write to Discord websocket gateway: The I/O operation has been aborted because of either a thread exit or an application request (995)
[03/30/21 08:00:37] [ERROR] DCC_DeleteEmbed: invalid embed id '1'
[03/30/21 08:00:37] [ERROR] Can't write to Discord websocket gateway: The I/O operation has been aborted because of either a thread exit or an application request (995)
[03/30/21 08:11:48] [ERROR] DCC_DeleteEmbed: invalid embed id '1'
[03/30/21 08:11:48] [ERROR] Can't write to Discord websocket gateway: The I/O operation has been aborted because of either a thread exit or an application request (995)
[03/30/21 17:49:33] [ERROR] DCC_DeleteEmbed: invalid embed id '1'
[03/30/21 17:49:33] [ERROR] Error while retrieving HTTP POST response from '/api/v8/channels/823474227368689680/messages': end of stream
[03/30/21 17:49:33] [ERROR] Can't write to Discord websocket gateway: The I/O operation has been aborted because of either a thread exit or an application request (995)
[03/30/21 18:25:16] [ERROR] DCC_DeleteEmbed: invalid embed id '1'
[03/30/21 18:25:16] [ERROR] Error while retrieving HTTP POST response from '/api/v8/channels/823474227368689680/messages': end of stream
[03/30/21 18:25:16] [ERROR] Can't write to Discord websocket gateway: The I/O operation has been aborted because of either a thread exit or an application request (995)
[03/30/21 19:42:01] [ERROR] Can't write to Discord websocket gateway: The I/O operation has been aborted because of either a thread exit or an application request (995)
[03/30/21 19:42:02] [ERROR] Discord terminated websocket connection; reason: Not authenticated. (4003)
[03/30/21 19:42:02] [ERROR] Can't write to Discord websocket gateway: The I/O operation has been aborted because of either a thread exit or an application request (995)
[03/30/21 21:47:26] [ERROR] Error while retrieving HTTP POST response from '/api/v8/channels/812937034272210986/messages': end of stream
[03/30/21 22:07:05] [ERROR] DCC_DeleteEmbed: invalid embed id '1'
[03/30/21 22:07:05] [ERROR] Error while retrieving HTTP POST response from '/api/v8/channels/823474227368689680/messages': end of stream
[03/30/21 22:07:05] [ERROR] Can't write to Discord websocket gateway: The I/O operation has been aborted because of either a thread exit or an application request (995)
[03/30/21 22:23:46] [ERROR] Can't write to Discord websocket gateway: The I/O operation has been aborted because of either a thread exit or an application request (995)
[03/30/21 23:39:06] [ERROR] Can't write to Discord websocket gateway: The I/O operation has been aborted because of either a thread exit or an application request (995)
[03/31/21 01:34:12] [ERROR] Discord terminated websocket connection; reason:  (0)
[03/31/21 01:34:12] [ERROR] Can't write to Discord websocket gateway: The I/O operation has been aborted because of either a thread exit or an application request (995)
[03/31/21 03:25:08] [ERROR] Can't write to Discord websocket gateway: The I/O operation has been aborted because of either a thread exit or an application request (995)
[03/31/21 03:25:09] [ERROR] Discord terminated websocket connection; reason: Not authenticated. (4003)
[03/31/21 03:25:09] [ERROR] Can't write to Discord websocket gateway: The I/O operation has been aborted because of either a thread exit or an application request (995)
[03/31/21 06:50:09] [ERROR] Error while retrieving HTTP POST response from '/api/v8/channels/812937034272210986/messages': end of stream
[03/31/21 07:15:32] [ERROR] Can't write to Discord websocket gateway: The I/O operation has been aborted because of either a thread exit or an application request (995)
[03/31/21 07:15:33] [ERROR] Discord terminated websocket connection; reason: Not authenticated. (4003)
[03/31/21 07:15:33] [ERROR] Can't write to Discord websocket gateway: The I/O operation has been aborted because of either a thread exit or an application request (995)
[03/31/21 07:34:23] [ERROR] Error while retrieving HTTP POST response from '/api/v8/channels/812937034272210986/messages': end of stream
[03/31/21 08:24:43] [ERROR] DCC_DeleteEmbed: invalid embed id '1'
[03/31/21 08:24:43] [ERROR] Error while retrieving HTTP POST response from '/api/v8/channels/823474227368689680/messages': end of stream
[03/31/21 08:24:43] [ERROR] Can't write to Discord websocket gateway: The I/O operation has been aborted because of either a thread exit or an application request (995)
[03/31/21 08:32:24] [ERROR] DCC_DeleteEmbed: invalid embed id '1'
[03/31/21 08:32:24] [ERROR] Can't write to Discord websocket gateway: The I/O operation has been aborted because of either a thread exit or an application request (995)
[03/31/21 08:50:45] [ERROR] DCC_DeleteEmbed: invalid embed id '1'
[03/31/21 08:50:45] [ERROR] Error while retrieving HTTP POST response from '/api/v8/channels/823474227368689680/messages': end of stream
[03/31/21 09:32:33] [ERROR] Can't write to Discord websocket gateway: The I/O operation has been aborted because of either a thread exit or an application request (995)
[03/31/21 09:32:33] [ERROR] Discord terminated websocket connection; reason: Not authenticated. (4003)
[03/31/21 09:32:33] [ERROR] Can't write to Discord websocket gateway: The I/O operation has been aborted because of either a thread exit or an application request (995)
[03/31/21 10:45:42] [ERROR] Can't write to Discord websocket gateway: The I/O operation has been aborted because of either a thread exit or an application request (995)
[03/31/21 11:19:32] [ERROR] Error while retrieving HTTP POST response from '/api/v8/channels/812937034272210986/messages': end of stream
[03/31/21 12:44:21] [ERROR] Can't write to Discord websocket gateway: The I/O operation has been aborted because of either a thread exit or an application request (995)
[03/31/21 14:59:06] [ERROR] Can't write to Discord websocket gateway: The I/O operation has been aborted because of either a thread exit or an application request (995)
[03/31/21 15:01:00] [ERROR] DCC_DeleteEmbed: invalid embed id '1'
[03/31/21 15:01:00] [ERROR] Error while retrieving HTTP POST response from '/api/v8/channels/823474227368689680/messages': end of stream
[03/31/21 15:01:00] [ERROR] Can't write to Discord websocket gateway: The I/O operation has been aborted because of either a thread exit or an application request (995)
[03/31/21 15:08:49] [ERROR] DCC_DeleteEmbed: invalid embed id '1'
[03/31/21 15:08:50] [ERROR] Can't write to Discord websocket gateway: The I/O operation has been aborted because of either a thread exit or an application request (995)
[03/31/21 15:10:27] [ERROR] DCC_DeleteEmbed: invalid embed id '1'
[03/31/21 15:13:33] [ERROR] DCC_DeleteEmbed: invalid embed id '1'
[03/31/21 15:16:35] [ERROR] DCC_DeleteEmbed: invalid embed id '1'
[03/31/21 15:16:35] [ERROR] Can't write to Discord websocket gateway: The I/O operation has been aborted because of either a thread exit or an application request (995)
[03/31/21 15:32:28] [ERROR] Error while retrieving HTTP POST response from '/api/v8/channels/812937034272210986/messages': end of stream
[03/31/21 16:56:34] [ERROR] Error while retrieving HTTP POST response from '/api/v8/channels/812937034272210986/messages': end of stream
[03/31/21 17:05:33] [ERROR] Error while retrieving HTTP POST response from '/api/v8/channels/812937034272210986/messages': end of stream
[03/31/21 18:56:33] [ERROR] Can't write to Discord websocket gateway: The I/O operation has been aborted because of either a thread exit or an application request (995)
[03/31/21 20:14:00] [ERROR] Error while retrieving HTTP POST response from '/api/v8/channels/813754474496917554/messages': end of stream
[03/31/21 21:18:09] [ERROR] Can't write to Discord websocket gateway: The I/O operation has been aborted because of either a thread exit or an application request (995)
[04/01/21 00:04:29] [ERROR] Can't write to Discord websocket gateway: The I/O operation has been aborted because of either a thread exit or an application request (995)
[04/01/21 02:08:30] [ERROR] Discord terminated websocket connection; reason:  (0)
[04/01/21 02:08:30] [ERROR] Can't write to Discord websocket gateway: The I/O operation has been aborted because of either a thread exit or an application request (995)
[04/01/21 03:12:48] [ERROR] Can't write to Discord websocket gateway: The I/O operation has been aborted because of either a thread exit or an application request (995)
[04/01/21 03:12:48] [ERROR] Discord terminated websocket connection; reason: Not authenticated. (4003)
[04/01/21 03:12:48] [ERROR] Can't write to Discord websocket gateway: The I/O operation has been aborted because of either a thread exit or an application request (995)
[04/01/21 06:12:14] [ERROR] Can't write to Discord websocket gateway: The I/O operation has been aborted because of either a thread exit or an application request (995)
[04/01/21 09:33:09] [ERROR] Can't write to Discord websocket gateway: The I/O operation has been aborted because of either a thread exit or an application request (995)
[04/01/21 09:33:10] [ERROR] Discord terminated websocket connection; reason: Not authenticated. (4003)
[04/01/21 09:33:10] [ERROR] Can't write to Discord websocket gateway: The I/O operation has been aborted because of either a thread exit or an application request (995)
[04/01/21 10:33:17] [ERROR] Can't write to Discord websocket gateway: The I/O operation has been aborted because of either a thread exit or an application request (995)
[04/01/21 11:24:14] [ERROR] Can't write to Discord websocket gateway: The I/O operation has been aborted because of either a thread exit or an application request (995)
[04/01/21 14:31:12] [ERROR] Can't write to Discord websocket gateway: The I/O operation has been aborted because of either a thread exit or an application request (995)
[04/01/21 17:06:09] [ERROR] Can't write to Discord websocket gateway: The I/O operation has been aborted because of either a thread exit or an application request (995)
[04/01/21 18:24:09] [ERROR] Can't write to Discord websocket gateway: The I/O operation has been aborted because of either a thread exit or an application request (995)
[04/01/21 21:28:57] [ERROR] Can't write to Discord websocket gateway: The I/O operation has been aborted because of either a thread exit or an application request (995)
[04/01/21 21:45:17] [ERROR] Can't write to Discord websocket gateway: The I/O operation has been aborted because of either a thread exit or an application request (995)
[04/01/21 22:32:39] [ERROR] Discord terminated websocket connection; reason: Not authenticated. (4003)
[04/01/21 22:32:39] [ERROR] Can't write to Discord websocket gateway: The I/O operation has been aborted because of either a thread exit or an application request (995)
[04/02/21 00:53:02] [ERROR] Discord terminated websocket connection; reason:  (0)
[04/02/21 00:53:02] [ERROR] Can't write to Discord websocket gateway: The I/O operation has been aborted because of either a thread exit or an application request (995)
[04/02/21 01:34:52] [ERROR] Discord terminated websocket connection; reason:  (1001)
[04/02/21 01:34:52] [ERROR] Can't write to Discord websocket gateway: The I/O operation has been aborted because of either a thread exit or an application request (995)
[04/02/21 01:51:39] [ERROR] Can't write to Discord websocket gateway: The I/O operation has been aborted because of either a thread exit or an application request (995)
[04/02/21 01:54:26] [ERROR] Can't read from Discord websocket gateway: An existing connection was forcibly closed by the remote host (10054)
[04/02/21 01:54:26] [ERROR] Can't write to Discord websocket gateway: The I/O operation has been aborted because of either a thread exit or an application request (995)
[04/02/21 04:31:58] [ERROR] Can't write to Discord websocket gateway: The I/O operation has been aborted because of either a thread exit or an application request (995)
[04/02/21 05:17:38] [ERROR] Can't read from Discord websocket gateway: An existing connection was forcibly closed by the remote host (10054)
[04/02/21 05:17:38] [ERROR] Can't write to Discord websocket gateway: The I/O operation has been aborted because of either a thread exit or an application request (995)
[04/02/21 05:30:16] [ERROR] DCC_DeleteEmbed: invalid embed id '1'
[04/02/21 05:30:16] [ERROR] Error while retrieving HTTP POST response from '/api/v8/channels/823474227368689680/messages': end of stream
[04/02/21 05:30:16] [ERROR] Can't write to Discord websocket gateway: The I/O operation has been aborted because of either a thread exit or an application request (995)
[04/02/21 07:35:35] [ERROR] Discord terminated websocket connection; reason:  (0)
[04/02/21 07:35:35] [ERROR] Can't write to Discord websocket gateway: The I/O operation has been aborted because of either a thread exit or an application request (995)
[04/02/21 07:35:35] [ERROR] Discord terminated websocket connection; reason: Not authenticated. (4003)
[04/02/21 07:35:35] [ERROR] Can't write to Discord websocket gateway: The I/O operation has been aborted because of either a thread exit or an application request (995)
[04/02/21 10:12:43] [ERROR] Can't write to Discord websocket gateway: The I/O operation has been aborted because of either a thread exit or an application request (995)
[04/02/21 10:12:44] [ERROR] Discord terminated websocket connection; reason: Not authenticated. (4003)
[04/02/21 10:12:44] [ERROR] Can't write to Discord websocket gateway: The I/O operation has been aborted because of either a thread exit or an application request (995)
[04/02/21 12:53:54] [ERROR] Can't write to Discord websocket gateway: The I/O operation has been aborted because of either a thread exit or an application request (995)
[04/02/21 14:32:57] [ERROR] Can't write to Discord websocket gateway: The I/O operation has been aborted because of either a thread exit or an application request (995)
[04/02/21 16:00:21] [ERROR] Can't write to Discord websocket gateway: The I/O operation has been aborted because of either a thread exit or an application request (995)
[04/02/21 18:58:08] [ERROR] Can't write to Discord websocket gateway: The I/O operation has been aborted because of either a thread exit or an application request (995)
[04/02/21 18:58:09] [ERROR] Discord terminated websocket connection; reason: Not authenticated. (4003)
[04/02/21 18:58:09] [ERROR] Can't write to Discord websocket gateway: The I/O operation has been aborted because of either a thread exit or an application request (995)
[04/02/21 19:07:46] [ERROR] Error while retrieving HTTP POST response from '/api/v8/channels/812937034272210986/messages': end of stream
[04/02/21 19:49:38] [ERROR] Can't write to Discord websocket gateway: The I/O operation has been aborted because of either a thread exit or an application request (995)
[04/02/21 21:03:32] [ERROR] Can't write to Discord websocket gateway: The I/O operation has been aborted because of either a thread exit or an application request (995)
[04/02/21 21:03:33] [ERROR] Discord terminated websocket connection; reason: Not authenticated. (4003)
[04/02/21 21:03:33] [ERROR] Can't write to Discord websocket gateway: The I/O operation has been aborted because of either a thread exit or an application request (995)
[04/02/21 21:27:37] [ERROR] Error while retrieving HTTP POST response from '/api/v8/channels/812937034272210986/messages': end of stream
[04/02/21 23:24:11] [ERROR] Can't write to Discord websocket gateway: The I/O operation has been aborted because of either a thread exit or an application request (995)
[04/02/21 23:24:21] [ERROR] Discord terminated websocket connection; reason: Unknown error. (4000)
[04/02/21 23:24:21] [ERROR] Can't write to Discord websocket gateway: The I/O operation has been aborted because of either a thread exit or an application request (995)
[04/03/21 01:12:14] [ERROR] Discord terminated websocket connection; reason:  (0)
[04/03/21 01:12:14] [ERROR] Can't write to Discord websocket gateway: The I/O operation has been aborted because of either a thread exit or an application request (995)
[04/03/21 03:25:17] [ERROR] Can't write to Discord websocket gateway: The I/O operation has been aborted because of either a thread exit or an application request (995)
[04/03/21 05:53:40] [ERROR] Discord terminated websocket connection; reason:  (0)
[04/03/21 05:53:40] [ERROR] Can't write to Discord websocket gateway: The I/O operation has been aborted because of either a thread exit or an application request (995)
[04/03/21 07:35:01] [ERROR] Can't write to Discord websocket gateway: The I/O operation has been aborted because of either a thread exit or an application request (995)
[04/03/21 07:35:01] [ERROR] Discord terminated websocket connection; reason: Not authenticated. (4003)
[04/03/21 07:35:01] [ERROR] Can't write to Discord websocket gateway: The I/O operation has been aborted because of either a thread exit or an application request (995)
[04/03/21 11:04:54] [ERROR] Can't write to Discord websocket gateway: The I/O operation has been aborted because of either a thread exit or an application request (995)
[04/03/21 11:04:54] [ERROR] Discord terminated websocket connection; reason: Not authenticated. (4003)
